  bumba.cpp
C:\Users\Bracka\source\repos\Sfmltry2\bumba.h(37,13): warning C4305: 'initializing': truncation from 'double' to 'float'
C:\Users\Bracka\source\repos\Sfmltry2\bumba.cpp(34,12): warning C4244: 'initializing': conversion from 'double' to 'float', possible loss of data
C:\Users\Bracka\source\repos\Sfmltry2\bumba.cpp(120,24): warning C4305: '-=': truncation from 'double' to 'float'
C:\Users\Bracka\source\repos\Sfmltry2\bumba.cpp(121,34): warning C4244: '=': conversion from 'double' to 'T', possible loss of data
          with
          [
              T=float
          ]
C:\Users\Bracka\source\repos\Sfmltry2\bumba.cpp(122,34): warning C4244: '=': conversion from 'double' to 'T', possible loss of data
          with
          [
              T=float
          ]
  Generating code
  309 of 396 functions (78.0%) were compiled, the rest were copied from previous compilation.
    2 functions were new in current compilation
    12 functions had inline decision re-evaluated but remain unchanged
  Finished generating code
  Sfmltry2.vcxproj -> C:\Users\Bracka\source\repos\Sfmltry2\x64\Release\Sfmltry2.exe
